Rasa process starting
/usr/local/lib/python3.6/site-packages/rasa_nlu/extractors/entity_synonyms.py:85: UserWarning: Failed to load synonyms file from 'models/nlu/current/entity_synonyms.json'
  "".format(entity_synonyms_file))

Restoring parameters from models/nlu/current/intent_classifier_tensorflow_embedding.ckpt
/usr/local/lib/python3.6/site-packages/pykwalify/core.py:99: UnsafeLoaderWarning: 
The default 'Loader' for 'load(stream)' without further arguments can be unsafe.
Use 'load(stream, Loader=ruamel.yaml.Loader)' explicitly if that is OK.
Alternatively include the following in your code:

  import warnings
  warnings.simplefilter('ignore', ruamel.yaml.error.UnsafeLoaderWarning)

In most other cases you should consider using 'safe_load(stream)'
  data = yaml.load(stream)

Available web server routes: 
static                                             OPTIONS, GET, HEAD             /static/[filename]
custom_webhook_CmdlineInput.health                 OPTIONS, GET, HEAD             /webhooks/rest/
custom_webhook_CmdlineInput.receive                OPTIONS, POST                  /webhooks/rest/webhook
Rasa Core server is up and running on http://localhost:5005
Creating a new tracker for id 'default'.
Received user message 'oi bot' with intent '{'name': 'cumprimentar', 'confidence': 0.7551524639129639}' and entities '[]'
Logged UserUtterance - tracker now has 2 events
Current slot values: 

Current tracker state [{}, {'intent_cumprimentar': 1.0, 'prev_action_listen': 1.0}]
There is a memorised next action '5'
Predicted next action using policy_1_MemoizationPolicy
Predicted next action 'utter_cumprimentar' with prob 1.00.
Action 'utter_cumprimentar' ended with events '[]'
Bot utterance 'BotUttered(text: Oi, eu sou o lappisudo, sou um assistente virtual do Lappis! A minha missão é divulgar os projetos do Lappis, e mostrar o quanto essa galera é  i n o v a d o r a!
, data: {
  "elements": null,
  "buttons": null,
  "attachment": null
})'
Current tracker state [{'intent_cumprimentar': 1.0, 'prev_action_listen': 1.0}, {'intent_cumprimentar': 1.0, 'prev_utter_cumprimentar': 1.0}]
There is no memorised next action
Predicted next action using policy_0_KerasPolicy
Predicted next action 'utter_manter_objetivo' with prob 0.95.
Action 'utter_manter_objetivo' ended with events '[]'
Bot utterance 'BotUttered(text: Minha missão é te mostrar o brilhantismo do Lappis, você pode perguntar sobre assuntos que estejam relacionados aos tópicos que eu listei lá em cima. Então bora lá!
Que tal conhecer mais sobre os nossos projetos? Pergunta aí :P
, data: {
  "elements": null,
  "buttons": null,
  "attachment": null
})'
Current tracker state [{'intent_cumprimentar': 1.0, 'prev_utter_cumprimentar': 1.0}, {'prev_utter_manter_objetivo': 1.0, 'intent_cumprimentar': 1.0}]
There is a memorised next action '0'
Predicted next action using policy_1_MemoizationPolicy
Predicted next action 'action_listen' with prob 1.00.
Action 'action_listen' ended with events '[]'
Recreating tracker for id 'default'
Received user message 'que projetos?' with intent '{'name': 'quais_projetos', 'confidence': 0.9261128902435303}' and entities '[]'
Logged UserUtterance - tracker now has 8 events
Current slot values: 

Current tracker state [{'prev_utter_manter_objetivo': 1.0, 'intent_cumprimentar': 1.0}, {'intent_quais_projetos': 1.0, 'prev_action_listen': 1.0}]
There is a memorised next action '46'
Predicted next action using policy_1_MemoizationPolicy
Predicted next action 'utter_quais_projetos' with prob 1.00.
Action 'utter_quais_projetos' ended with events '[]'
Bot utterance 'BotUttered(text: Aqui os projetos são sinônimo de i-n-o-v-a-ç-ã-o. Você sabe o que é Inovação de fato? A definição mais simples que vi circular aí pela web é “ato ou efeito de inovar”. Mas inovar é mais que isso, é quando você transforma algo que já existe em algo melhor, algo novo! As nossas pesquisas e projetos, o nosso jeito de trabalhar é pura revolução.
Quer entender melhor o que desenvolvemos? 
Basta usar e abusar da #
#salic-ml #salic-api #promovacultura #empurrandojuntos #tais
, data: {
  "elements": null,
  "buttons": null,
  "attachment": null
})'
Current tracker state [{'intent_quais_projetos': 1.0, 'prev_action_listen': 1.0}, {'prev_utter_quais_projetos': 1.0, 'intent_quais_projetos': 1.0}]
There is a memorised next action '8'
Predicted next action using policy_1_MemoizationPolicy
Predicted next action 'utter_manter_conversa' with prob 1.00.
Action 'utter_manter_conversa' ended with events '[]'
Bot utterance 'BotUttered(text: Tã tã tã! Você tem mais alguma curiosidade sobre os nossos projetos?
, data: {
  "elements": null,
  "buttons": null,
  "attachment": null
})'
Current tracker state [{'prev_utter_quais_projetos': 1.0, 'intent_quais_projetos': 1.0}, {'prev_utter_manter_conversa': 1.0, 'intent_quais_projetos': 1.0}]
There is a memorised next action '0'
Predicted next action using policy_1_MemoizationPolicy
Predicted next action 'action_listen' with prob 1.00.
Action 'action_listen' ended with events '[]'
Recreating tracker for id 'default'
Received user message 'Quero saber da Tais' with intent '{'name': 'chatbot_tais', 'confidence': 0.8058270812034607}' and entities '[]'
Logged UserUtterance - tracker now has 14 events
Current slot values: 

Current tracker state [{'prev_utter_manter_conversa': 1.0, 'intent_quais_projetos': 1.0}, {'intent_chatbot_tais': 1.0, 'prev_action_listen': 1.0}]
There is a memorised next action '47'
Predicted next action using policy_1_MemoizationPolicy
Predicted next action 'utter_chatbot_tais' with prob 1.00.
Action 'utter_chatbot_tais' ended with events '[]'
Bot utterance 'BotUttered(text: A Tais é uma assistente virtual para responder dúvidas dos usuários relacionadas à Lei Rouanet e auxiliá-los na submissão de propostas de projetos culturais. Ela está disponível no portal da Lei Rouanet, que tal ir lá bater um papo e aprender mais sobre a lei? 
Acesse: http://rouanet.cultura.gov.br
Caso queira entender melhor como a Tais foi desenvolvida visite o repositório:
https://github.com/lappis-unb/tais
, data: {
  "elements": null,
  "buttons": null,
  "attachment": null
})'
Current tracker state [{'intent_chatbot_tais': 1.0, 'prev_action_listen': 1.0}, {'intent_chatbot_tais': 1.0, 'prev_utter_chatbot_tais': 1.0}]
There is a memorised next action '8'
Predicted next action using policy_1_MemoizationPolicy
Predicted next action 'utter_manter_conversa' with prob 1.00.
Action 'utter_manter_conversa' ended with events '[]'
Bot utterance 'BotUttered(text: Tã tã tã! Você tem mais alguma curiosidade sobre os nossos projetos?
, data: {
  "elements": null,
  "buttons": null,
  "attachment": null
})'
Current tracker state [{'intent_chatbot_tais': 1.0, 'prev_utter_chatbot_tais': 1.0}, {'intent_chatbot_tais': 1.0, 'prev_utter_manter_conversa': 1.0}]
There is a memorised next action '0'
Predicted next action using policy_1_MemoizationPolicy
Predicted next action 'action_listen' with prob 1.00.
Action 'action_listen' ended with events '[]'
Recreating tracker for id 'default'
Received user message 'não' with intent '{'name': 'diga_mais', 'confidence': 0.8005701899528503}' and entities '[]'
Logged UserUtterance - tracker now has 20 events
Current slot values: 

Current tracker state [{'intent_chatbot_tais': 1.0, 'prev_utter_manter_conversa': 1.0}, {'intent_diga_mais': 1.0, 'prev_action_listen': 1.0}]
There is a memorised next action '12'
Predicted next action using policy_1_MemoizationPolicy
Predicted next action 'utter_diga_mais' with prob 1.00.
Action 'utter_diga_mais' ended with events '[]'
Bot utterance 'BotUttered(text: Por enquanto, só entendo perguntas completas. Então é melhor você me perguntar "como funciona a Lei Rouanet" ao invés de "Como funciona"
, data: {
  "elements": null,
  "buttons": null,
  "attachment": null
})'
Current tracker state [{'intent_diga_mais': 1.0, 'prev_action_listen': 1.0}, {'prev_utter_diga_mais': 1.0, 'intent_diga_mais': 1.0}]
There is a memorised next action '0'
Predicted next action using policy_1_MemoizationPolicy
Predicted next action 'action_listen' with prob 1.00.
Action 'action_listen' ended with events '[]'
Recreating tracker for id 'default'
Received user message 'lei' with intent '{'name': None, 'confidence': 0.0}' and entities '[]'
Logged UserUtterance - tracker now has 24 events
Current slot values: 

Current tracker state [{'prev_utter_diga_mais': 1.0, 'intent_diga_mais': 1.0}, {'prev_action_listen': 1.0}]
There is no memorised next action
NLU confidence 0.0 is lower than NLU threshold 0.6. Predicting fallback action: action_default_fallback
Predicted next action using policy_2_FallbackPolicy
Predicted next action 'action_default_fallback' with prob 1.00.
Action 'action_default_fallback' ended with events '['UserUtteranceReverted()']'
Bot utterance 'BotUttered(text: Poxa, acho que ainda não sei isso... Se não consegui responder tua pergunta,
entre no site da Rouanet (http://rouanet.cultura.gov.br/perguntas_frequentes_28_12/)
Mas se você perguntar de outra forma talvez eu consiga te responder
, data: {
  "elements": null,
  "buttons": null,
  "attachment": null
})'
Current tracker state [{'intent_diga_mais': 1.0, 'prev_action_listen': 1.0}, {'prev_utter_diga_mais': 1.0, 'intent_diga_mais': 1.0}]
There is a memorised next action '0'
Predicted next action using policy_1_MemoizationPolicy
Predicted next action 'action_listen' with prob 1.00.
Action 'action_listen' ended with events '[]'
Rasa process starting
/usr/local/lib/python3.6/site-packages/rasa_nlu/extractors/entity_synonyms.py:85: UserWarning: Failed to load synonyms file from 'models/nlu/current/entity_synonyms.json'
  "".format(entity_synonyms_file))

Restoring parameters from models/nlu/current/intent_classifier_tensorflow_embedding.ckpt
/usr/local/lib/python3.6/site-packages/pykwalify/core.py:99: UnsafeLoaderWarning: 
The default 'Loader' for 'load(stream)' without further arguments can be unsafe.
Use 'load(stream, Loader=ruamel.yaml.Loader)' explicitly if that is OK.
Alternatively include the following in your code:

  import warnings
  warnings.simplefilter('ignore', ruamel.yaml.error.UnsafeLoaderWarning)

In most other cases you should consider using 'safe_load(stream)'
  data = yaml.load(stream)

Available web server routes: 
static                                             GET, OPTIONS, HEAD             /static/[filename]
custom_webhook_CmdlineInput.health                 GET, OPTIONS, HEAD             /webhooks/rest/
custom_webhook_CmdlineInput.receive                POST, OPTIONS                  /webhooks/rest/webhook
Rasa Core server is up and running on http://localhost:5005
Creating a new tracker for id 'default'.
Received user message 'opa' with intent '{'name': 'cumprimentar', 'confidence': 0.9480607509613037}' and entities '[]'
Logged UserUtterance - tracker now has 2 events
Current slot values: 

Current tracker state [{}, {'intent_cumprimentar': 1.0, 'prev_action_listen': 1.0}]
There is a memorised next action '5'
Predicted next action using policy_1_MemoizationPolicy
Predicted next action 'utter_cumprimentar' with prob 1.00.
Action 'utter_cumprimentar' ended with events '[]'
Bot utterance 'BotUttered(text: Oi, eu sou o lappisudo, sou um assistente virtual do Lappis! A minha missão é divulgar os projetos do Lappis, e mostrar o quanto essa galera é  i n o v a d o r a!
, data: {
  "elements": null,
  "buttons": null,
  "attachment": null
})'
Current tracker state [{'intent_cumprimentar': 1.0, 'prev_action_listen': 1.0}, {'intent_cumprimentar': 1.0, 'prev_utter_cumprimentar': 1.0}]
There is no memorised next action
Predicted next action using policy_0_KerasPolicy
Predicted next action 'utter_manter_objetivo' with prob 0.84.
Action 'utter_manter_objetivo' ended with events '[]'
Bot utterance 'BotUttered(text: Minha missão é te mostrar o brilhantismo do Lappis, você pode perguntar sobre assuntos que estejam relacionados aos tópicos que eu listei lá em cima. Então bora lá!
Que tal conhecer mais sobre os nossos projetos? Pergunta aí :P
, data: {
  "elements": null,
  "buttons": null,
  "attachment": null
})'
Current tracker state [{'intent_cumprimentar': 1.0, 'prev_utter_cumprimentar': 1.0}, {'intent_cumprimentar': 1.0, 'prev_utter_manter_objetivo': 1.0}]
There is a memorised next action '0'
Predicted next action using policy_1_MemoizationPolicy
Predicted next action 'action_listen' with prob 1.00.
Action 'action_listen' ended with events '[]'
Recreating tracker for id 'default'
Received user message 'Me fala ai' with intent '{'name': 'story', 'confidence': 0.5364686250686646}' and entities '[]'
Logged UserUtterance - tracker now has 8 events
Current slot values: 

Current tracker state [{'intent_cumprimentar': 1.0, 'prev_utter_manter_objetivo': 1.0}, {'intent_story': 1.0, 'prev_action_listen': 1.0}]
There is no memorised next action
NLU confidence 0.5364686250686646 is lower than NLU threshold 0.6. Predicting fallback action: action_default_fallback
Predicted next action using policy_2_FallbackPolicy
Predicted next action 'action_default_fallback' with prob 1.00.
Action 'action_default_fallback' ended with events '['UserUtteranceReverted()']'
Bot utterance 'BotUttered(text: Acho que não te entendi, você pode me perguntar de novo usando outras palavras?
, data: {
  "elements": null,
  "buttons": null,
  "attachment": null
})'
Current tracker state [{'intent_cumprimentar': 1.0, 'prev_utter_cumprimentar': 1.0}, {'intent_cumprimentar': 1.0, 'prev_utter_manter_objetivo': 1.0}]
There is a memorised next action '0'
Predicted next action using policy_1_MemoizationPolicy
Predicted next action 'action_listen' with prob 1.00.
Action 'action_listen' ended with events '[]'
Recreating tracker for id 'default'
Received user message 'que projetos?' with intent '{'name': 'quais_projetos', 'confidence': 0.8471593856811523}' and entities '[]'
Logged UserUtterance - tracker now has 13 events
Current slot values: 

Current tracker state [{'intent_cumprimentar': 1.0, 'prev_utter_manter_objetivo': 1.0}, {'prev_action_listen': 1.0, 'intent_quais_projetos': 1.0}]
There is a memorised next action '45'
Predicted next action using policy_1_MemoizationPolicy
Predicted next action 'utter_quais_projetos' with prob 1.00.
Action 'utter_quais_projetos' ended with events '[]'
Bot utterance 'BotUttered(text: Aqui os projetos são sinônimo de i-n-o-v-a-ç-ã-o. Você sabe o que é Inovação de fato? A definição mais simples que vi circular aí pela web é “ato ou efeito de inovar”. Mas inovar é mais que isso, é quando você transforma algo que já existe em algo melhor, algo novo! As nossas pesquisas e projetos, o nosso jeito de trabalhar é pura revolução.
Quer entender melhor o que desenvolvemos? 
Basta usar e abusar da #
#salic-ml #salic-api #promovacultura #empurrandojuntos #tais
, data: {
  "elements": null,
  "buttons": null,
  "attachment": null
})'
Current tracker state [{'prev_action_listen': 1.0, 'intent_quais_projetos': 1.0}, {'prev_utter_quais_projetos': 1.0, 'intent_quais_projetos': 1.0}]
There is a memorised next action '8'
Predicted next action using policy_1_MemoizationPolicy
Predicted next action 'utter_manter_conversa' with prob 1.00.
Action 'utter_manter_conversa' ended with events '[]'
Bot utterance 'BotUttered(text: Tã tã tã! Você tem mais alguma curiosidade sobre os nossos projetos?
, data: {
  "elements": null,
  "buttons": null,
  "attachment": null
})'
Current tracker state [{'prev_utter_quais_projetos': 1.0, 'intent_quais_projetos': 1.0}, {'prev_utter_manter_conversa': 1.0, 'intent_quais_projetos': 1.0}]
There is a memorised next action '0'
Predicted next action using policy_1_MemoizationPolicy
Predicted next action 'action_listen' with prob 1.00.
Action 'action_listen' ended with events '[]'
Recreating tracker for id 'default'
Received user message 'quero saber do bot' with intent '{'name': 'afirmar', 'confidence': 0.6351959705352783}' and entities '[]'
Logged UserUtterance - tracker now has 19 events
Current slot values: 

Current tracker state [{'prev_utter_manter_conversa': 1.0, 'intent_quais_projetos': 1.0}, {'intent_afirmar': 1.0, 'prev_action_listen': 1.0}]
There is a memorised next action '8'
Predicted next action using policy_1_MemoizationPolicy
Predicted next action 'utter_manter_conversa' with prob 1.00.
Action 'utter_manter_conversa' ended with events '[]'
Bot utterance 'BotUttered(text: Tã tã tã! Você tem mais alguma curiosidade sobre os nossos projetos?
, data: {
  "elements": null,
  "buttons": null,
  "attachment": null
})'
Current tracker state [{'intent_afirmar': 1.0, 'prev_action_listen': 1.0}, {'intent_afirmar': 1.0, 'prev_utter_manter_conversa': 1.0}]
There is a memorised next action '0'
Predicted next action using policy_1_MemoizationPolicy
Predicted next action 'action_listen' with prob 1.00.
Action 'action_listen' ended with events '[]'
Recreating tracker for id 'default'
Received user message 'me fale da tais' with intent '{'name': 'chatbot_tais', 'confidence': 0.8254948854446411}' and entities '[]'
Logged UserUtterance - tracker now has 23 events
Current slot values: 

Current tracker state [{'intent_afirmar': 1.0, 'prev_utter_manter_conversa': 1.0}, {'intent_chatbot_tais': 1.0, 'prev_action_listen': 1.0}]
There is no memorised next action
Predicted next action using policy_0_KerasPolicy
Predicted next action 'utter_chatbot_tais' with prob 1.00.
Action 'utter_chatbot_tais' ended with events '[]'
Bot utterance 'BotUttered(text: A Tais é uma assistente virtual para responder dúvidas dos usuários relacionadas à Lei Rouanet e auxiliá-los na submissão de propostas de projetos culturais. Ela está disponível no portal da Lei Rouanet, que tal ir lá bater um papo e aprender mais sobre a lei? 
Acesse: http://rouanet.cultura.gov.br
Caso queira entender melhor como a Tais foi desenvolvida visite o repositório:
https://github.com/lappis-unb/tais
, data: {
  "elements": null,
  "buttons": null,
  "attachment": null
})'
Current tracker state [{'intent_chatbot_tais': 1.0, 'prev_action_listen': 1.0}, {'intent_chatbot_tais': 1.0, 'prev_utter_chatbot_tais': 1.0}]
There is a memorised next action '8'
Predicted next action using policy_1_MemoizationPolicy
Predicted next action 'utter_manter_conversa' with prob 1.00.
Action 'utter_manter_conversa' ended with events '[]'
Bot utterance 'BotUttered(text: Tã tã tã! Você tem mais alguma curiosidade sobre os nossos projetos?
, data: {
  "elements": null,
  "buttons": null,
  "attachment": null
})'
Current tracker state [{'intent_chatbot_tais': 1.0, 'prev_utter_chatbot_tais': 1.0}, {'intent_chatbot_tais': 1.0, 'prev_utter_manter_conversa': 1.0}]
There is a memorised next action '0'
Predicted next action using policy_1_MemoizationPolicy
Predicted next action 'action_listen' with prob 1.00.
Action 'action_listen' ended with events '[]'
Recreating tracker for id 'default'
Received user message 'shablaw' with intent '{'name': None, 'confidence': 0.0}' and entities '[]'
Logged UserUtterance - tracker now has 29 events
Current slot values: 

Current tracker state [{'intent_chatbot_tais': 1.0, 'prev_utter_manter_conversa': 1.0}, {'prev_action_listen': 1.0}]
There is no memorised next action
NLU confidence 0.0 is lower than NLU threshold 0.6. Predicting fallback action: action_default_fallback
Predicted next action using policy_2_FallbackPolicy
Predicted next action 'action_default_fallback' with prob 1.00.
Action 'action_default_fallback' ended with events '['UserUtteranceReverted()']'
Bot utterance 'BotUttered(text: Vamos tentar mais uma vez? Eu não consegui te entender direito, me pergunta de outro jeito?
, data: {
  "elements": null,
  "buttons": null,
  "attachment": null
})'
Current tracker state [{'intent_chatbot_tais': 1.0, 'prev_utter_chatbot_tais': 1.0}, {'intent_chatbot_tais': 1.0, 'prev_utter_manter_conversa': 1.0}]
There is a memorised next action '0'
Predicted next action using policy_1_MemoizationPolicy
Predicted next action 'action_listen' with prob 1.00.
Action 'action_listen' ended with events '[]'
Recreating tracker for id 'default'
Received user message 'shablawzao' with intent '{'name': None, 'confidence': 0.0}' and entities '[]'
Logged UserUtterance - tracker now has 34 events
Current slot values: 

Current tracker state [{'intent_chatbot_tais': 1.0, 'prev_utter_manter_conversa': 1.0}, {'prev_action_listen': 1.0}]
There is no memorised next action
NLU confidence 0.0 is lower than NLU threshold 0.6. Predicting fallback action: action_default_fallback
Predicted next action using policy_2_FallbackPolicy
Predicted next action 'action_default_fallback' with prob 1.00.
Action 'action_default_fallback' ended with events '['UserUtteranceReverted()']'
Bot utterance 'BotUttered(text: Hummmm... Não sei se entendi. Pode escrever de outra forma?
, data: {
  "elements": null,
  "buttons": null,
  "attachment": null
})'
Current tracker state [{'intent_chatbot_tais': 1.0, 'prev_utter_chatbot_tais': 1.0}, {'intent_chatbot_tais': 1.0, 'prev_utter_manter_conversa': 1.0}]
There is a memorised next action '0'
Predicted next action using policy_1_MemoizationPolicy
Predicted next action 'action_listen' with prob 1.00.
Action 'action_listen' ended with events '[]'
Recreating tracker for id 'default'
Received user message 'fasdfa' with intent '{'name': None, 'confidence': 0.0}' and entities '[]'
Logged UserUtterance - tracker now has 39 events
Current slot values: 

Current tracker state [{'intent_chatbot_tais': 1.0, 'prev_utter_manter_conversa': 1.0}, {'prev_action_listen': 1.0}]
There is no memorised next action
NLU confidence 0.0 is lower than NLU threshold 0.6. Predicting fallback action: action_default_fallback
Predicted next action using policy_2_FallbackPolicy
Predicted next action 'action_default_fallback' with prob 1.00.
Action 'action_default_fallback' ended with events '['UserUtteranceReverted()']'
Bot utterance 'BotUttered(text: Vamos tentar mais uma vez? Eu não consegui te entender direito, me pergunta de outro jeito?
, data: {
  "elements": null,
  "buttons": null,
  "attachment": null
})'
Current tracker state [{'intent_chatbot_tais': 1.0, 'prev_utter_chatbot_tais': 1.0}, {'intent_chatbot_tais': 1.0, 'prev_utter_manter_conversa': 1.0}]
There is a memorised next action '0'
Predicted next action using policy_1_MemoizationPolicy
Predicted next action 'action_listen' with prob 1.00.
Action 'action_listen' ended with events '[]'
Recreating tracker for id 'default'
Received user message 'que paia' with intent '{'name': 'languages', 'confidence': 0.607223629951477}' and entities '[]'
Logged UserUtterance - tracker now has 44 events
Current slot values: 

Current tracker state [{'intent_chatbot_tais': 1.0, 'prev_utter_manter_conversa': 1.0}, {'intent_languages': 1.0, 'prev_action_listen': 1.0}]
There is a memorised next action '16'
Predicted next action using policy_1_MemoizationPolicy
Predicted next action 'utter_languages' with prob 1.00.
Action 'utter_languages' ended with events '[]'
Bot utterance 'BotUttered(text: Poderíamos falar de algo melhor

Não é mesmo, $user ?! kkk
, data: {
  "elements": null,
  "buttons": null,
  "attachment": null
})'
Current tracker state [{'intent_languages': 1.0, 'prev_action_listen': 1.0}, {'prev_utter_languages': 1.0, 'intent_languages': 1.0}]
There is a memorised next action '0'
Predicted next action using policy_1_MemoizationPolicy
Predicted next action 'action_listen' with prob 1.00.
Action 'action_listen' ended with events '[]'
Recreating tracker for id 'default'
Received user message '#errou' with intent '{'name': 'erro_resposta_utter', 'confidence': 0.938306450843811}' and entities '[]'
Logged UserUtterance - tracker now has 48 events
Current slot values: 

Current tracker state [{'prev_utter_languages': 1.0, 'intent_languages': 1.0}, {'intent_erro_resposta_utter': 1.0, 'prev_action_listen': 1.0}]
There is no memorised next action
Predicted next action using policy_2_FallbackPolicy
Predicted next action 'action_default_fallback' with prob 1.00.
Action 'action_default_fallback' ended with events '['UserUtteranceReverted()']'
Bot utterance 'BotUttered(text: Vamos tentar mais uma vez? Eu não consegui te entender direito, me pergunta de outro jeito?
, data: {
  "elements": null,
  "buttons": null,
  "attachment": null
})'
Current tracker state [{'intent_languages': 1.0, 'prev_action_listen': 1.0}, {'prev_utter_languages': 1.0, 'intent_languages': 1.0}]
There is a memorised next action '0'
Predicted next action using policy_1_MemoizationPolicy
Predicted next action 'action_listen' with prob 1.00.
Action 'action_listen' ended with events '[]'
Recreating tracker for id 'default'
Received user message 'flw' with intent '{'name': 'despedir', 'confidence': 0.8110066652297974}' and entities '[]'
Logged UserUtterance - tracker now has 53 events
Current slot values: 

Current tracker state [{'prev_utter_languages': 1.0, 'intent_languages': 1.0}, {'prev_action_listen': 1.0, 'intent_despedir': 1.0}]
There is no memorised next action
Predicted next action using policy_0_KerasPolicy
Predicted next action 'utter_despedir' with prob 1.00.
Action 'utter_despedir' ended with events '[]'
Bot utterance 'BotUttered(text: Foi um prazer te ajudar!
Sempre que tiver alguma dúvida, volte aqui!
Até logo!
, data: {
  "elements": null,
  "buttons": null,
  "attachment": null
})'
Current tracker state [{'prev_action_listen': 1.0, 'intent_despedir': 1.0}, {'prev_utter_despedir': 1.0, 'intent_despedir': 1.0}]
There is a memorised next action '0'
Predicted next action using policy_1_MemoizationPolicy
Predicted next action 'action_listen' with prob 1.00.
Action 'action_listen' ended with events '[]'
Rasa process starting
/usr/local/lib/python3.6/site-packages/rasa_nlu/extractors/entity_synonyms.py:85: UserWarning: Failed to load synonyms file from 'models/nlu/current/entity_synonyms.json'
  "".format(entity_synonyms_file))

Restoring parameters from models/nlu/current/intent_classifier_tensorflow_embedding.ckpt
/usr/local/lib/python3.6/site-packages/pykwalify/core.py:99: UnsafeLoaderWarning: 
The default 'Loader' for 'load(stream)' without further arguments can be unsafe.
Use 'load(stream, Loader=ruamel.yaml.Loader)' explicitly if that is OK.
Alternatively include the following in your code:

  import warnings
  warnings.simplefilter('ignore', ruamel.yaml.error.UnsafeLoaderWarning)

In most other cases you should consider using 'safe_load(stream)'
  data = yaml.load(stream)

Available web server routes: 
static                                             HEAD, OPTIONS, GET             /static/[filename]
custom_webhook_CmdlineInput.health                 HEAD, OPTIONS, GET             /webhooks/rest/
custom_webhook_CmdlineInput.receive                POST, OPTIONS                  /webhooks/rest/webhook
Rasa Core server is up and running on http://localhost:5005
Creating a new tracker for id 'default'.
Received user message 'oi' with intent '{'name': 'cumprimentar', 'confidence': 0.820499062538147}' and entities '[]'
Logged UserUtterance - tracker now has 2 events
Current slot values: 

Current tracker state [{}, {'prev_action_listen': 1.0, 'intent_cumprimentar': 1.0}]
There is a memorised next action '4'
Predicted next action using policy_1_MemoizationPolicy
Predicted next action 'utter_cumprimentar' with prob 1.00.
Action 'utter_cumprimentar' ended with events '[]'
Bot utterance 'BotUttered(text: Oi, eu sou um bot, um assistente virtual!
, data: {
  "elements": null,
  "buttons": null,
  "attachment": null
})'
Current tracker state [{'prev_action_listen': 1.0, 'intent_cumprimentar': 1.0}, {'prev_utter_cumprimentar': 1.0, 'intent_cumprimentar': 1.0}]
There is a memorised next action '0'
Predicted next action using policy_1_MemoizationPolicy
Predicted next action 'action_listen' with prob 1.00.
Action 'action_listen' ended with events '[]'
Recreating tracker for id 'default'
Received user message 'tudo bem?' with intent '{'name': 'tudo_bem', 'confidence': 0.9257047176361084}' and entities '[]'
Logged UserUtterance - tracker now has 6 events
Current slot values: 

Current tracker state [{'prev_utter_cumprimentar': 1.0, 'intent_cumprimentar': 1.0}, {'intent_tudo_bem': 1.0, 'prev_action_listen': 1.0}]
There is a memorised next action '6'
Predicted next action using policy_1_MemoizationPolicy
Predicted next action 'utter_tudo_bem' with prob 1.00.
Action 'utter_tudo_bem' ended with events '[]'
Bot utterance 'BotUttered(text: Tudo bem, obrigada! Em que posso te ajudar?
, data: {
  "elements": null,
  "buttons": null,
  "attachment": null
})'
Current tracker state [{'intent_tudo_bem': 1.0, 'prev_action_listen': 1.0}, {'intent_tudo_bem': 1.0, 'prev_utter_tudo_bem': 1.0}]
There is a memorised next action '0'
Predicted next action using policy_1_MemoizationPolicy
Predicted next action 'action_listen' with prob 1.00.
Action 'action_listen' ended with events '[]'
Recreating tracker for id 'default'
Received user message 'adorei' with intent '{'name': 'elogios', 'confidence': 0.9046992063522339}' and entities '[]'
Logged UserUtterance - tracker now has 10 events
Current slot values: 

Current tracker state [{'intent_tudo_bem': 1.0, 'prev_utter_tudo_bem': 1.0}, {'intent_elogios': 1.0, 'prev_action_listen': 1.0}]
There is a memorised next action '8'
Predicted next action using policy_1_MemoizationPolicy
Predicted next action 'utter_elogios' with prob 1.00.
Action 'utter_elogios' ended with events '[]'
Bot utterance 'BotUttered(text: Obrigada! É sempre bom dar e receber elogios :P
, data: {
  "elements": null,
  "buttons": null,
  "attachment": null
})'
Current tracker state [{'intent_elogios': 1.0, 'prev_action_listen': 1.0}, {'intent_elogios': 1.0, 'prev_utter_elogios': 1.0}]
There is a memorised next action '0'
Predicted next action using policy_1_MemoizationPolicy
Predicted next action 'action_listen' with prob 1.00.
Action 'action_listen' ended with events '[]'
Recreating tracker for id 'default'
Received user message 'flw' with intent '{'name': 'despedir', 'confidence': 0.8777105808258057}' and entities '[]'
Logged UserUtterance - tracker now has 14 events
Current slot values: 

Current tracker state [{'intent_elogios': 1.0, 'prev_utter_elogios': 1.0}, {'prev_action_listen': 1.0, 'intent_despedir': 1.0}]
There is a memorised next action '5'
Predicted next action using policy_1_MemoizationPolicy
Predicted next action 'utter_despedir' with prob 1.00.
Action 'utter_despedir' ended with events '[]'
Bot utterance 'BotUttered(text: Foi um prazer te ajudar!
Sempre que tiver alguma dúvida, volte aqui!
Até logo!
, data: {
  "elements": null,
  "buttons": null,
  "attachment": null
})'
Current tracker state [{'prev_action_listen': 1.0, 'intent_despedir': 1.0}, {'prev_utter_despedir': 1.0, 'intent_despedir': 1.0}]
There is a memorised next action '0'
Predicted next action using policy_1_MemoizationPolicy
Predicted next action 'action_listen' with prob 1.00.
Action 'action_listen' ended with events '[]'
